{"name":"Test 5: Get metadata about folder and check it","status":"failed","statusDetails":{"known":false,"muted":false,"flaky":false,"message":"The following asserts failed:\n\tExpected fileName is not equal actual expected [autotest.txt] but found [foo]","trace":"java.lang.AssertionError: The following asserts failed:\n\tExpected fileName is not equal actual expected [autotest.txt] but found [foo]\r\n\tat org.testng.asserts.SoftAssert.assertAll(SoftAssert.java:43)\r\n\tat checks.AssertChecks.checkObjectMetadata(AssertChecks.java:117)\r\n\tat steps.TestSteps.getObjectMetadata(TestSteps.java:158)\r\n\tat tests.AllScoupOtTestsForYandexDisk.getFolderMetaData(AllScoupOtTestsForYandexDisk.java:193)\r\n\tat sun.reflect.NativeMethodAccessorImpl.invoke0(Native Method)\r\n\tat sun.reflect.NativeMethodAccessorImpl.invoke(NativeMethodAccessorImpl.java:62)\r\n\tat sun.reflect.DelegatingMethodAccessorImpl.invoke(DelegatingMethodAccessorImpl.java:43)\r\n\tat java.lang.reflect.Method.invoke(Method.java:498)\r\n\tat org.testng.internal.MethodInvocationHelper.invokeMethod(MethodInvocationHelper.java:124)\r\n\tat org.testng.internal.Invoker.invokeMethod(Invoker.java:583)\r\n\tat org.testng.internal.Invoker.invokeTestMethod(Invoker.java:719)\r\n\tat org.testng.internal.Invoker.invokeTestMethods(Invoker.java:989)\r\n\tat org.testng.internal.TestMethodWorker.invokeTestMethods(TestMethodWorker.java:125)\r\n\tat org.testng.internal.TestMethodWorker.run(TestMethodWorker.java:109)\r\n\tat org.testng.TestRunner.privateRun(TestRunner.java:648)\r\n\tat org.testng.TestRunner.run(TestRunner.java:505)\r\n\tat org.testng.SuiteRunner.runTest(SuiteRunner.java:455)\r\n\tat org.testng.SuiteRunner.runSequentially(SuiteRunner.java:450)\r\n\tat org.testng.SuiteRunner.privateRun(SuiteRunner.java:415)\r\n\tat org.testng.SuiteRunner.run(SuiteRunner.java:364)\r\n\tat org.testng.SuiteRunnerWorker.runSuite(SuiteRunnerWorker.java:52)\r\n\tat org.testng.SuiteRunnerWorker.run(SuiteRunnerWorker.java:84)\r\n\tat org.testng.TestNG.runSuitesSequentially(TestNG.java:1208)\r\n\tat org.testng.TestNG.runSuitesLocally(TestNG.java:1137)\r\n\tat org.testng.TestNG.runSuites(TestNG.java:1049)\r\n\tat org.testng.TestNG.run(TestNG.java:1017)\r\n\tat com.intellij.rt.testng.IDEARemoteTestNG.run(IDEARemoteTestNG.java:66)\r\n\tat com.intellij.rt.testng.RemoteTestNGStarter.main(RemoteTestNGStarter.java:110)\r\n"},"stage":"finished","description":"Get metadata about folder","steps":[{"name":"Create folder step","status":"passed","stage":"finished","steps":[],"attachments":[],"parameters":[{"name":"folderName","value":"test"}],"start":1589415898327,"stop":1589415905186},{"name":"Create folder step","status":"passed","stage":"finished","steps":[],"attachments":[],"parameters":[{"name":"folderName","value":"test/foo"}],"start":1589415905188,"stop":1589415905963},{"name":"Create folder and get Url for uploading file step","status":"passed","stage":"finished","steps":[],"attachments":[],"parameters":[{"name":"folderForFile","value":"test/autotest.txt"}],"start":1589415905964,"stop":1589415906733},{"name":"Restore object from trash step","status":"failed","statusDetails":{"known":false,"muted":false,"flaky":false,"message":"The following asserts failed:\n\tExpected fileName is not equal actual expected [autotest.txt] but found [foo]","trace":"java.lang.AssertionError: The following asserts failed:\n\tExpected fileName is not equal actual expected [autotest.txt] but found [foo]\r\n\tat org.testng.asserts.SoftAssert.assertAll(SoftAssert.java:43)\r\n\tat checks.AssertChecks.checkObjectMetadata(AssertChecks.java:117)\r\n\tat steps.TestSteps.getObjectMetadata(TestSteps.java:158)\r\n\tat tests.AllScoupOtTestsForYandexDisk.getFolderMetaData(AllScoupOtTestsForYandexDisk.java:193)\r\n\tat sun.reflect.NativeMethodAccessorImpl.invoke0(Native Method)\r\n\tat sun.reflect.NativeMethodAccessorImpl.invoke(NativeMethodAccessorImpl.java:62)\r\n\tat sun.reflect.DelegatingMethodAccessorImpl.invoke(DelegatingMethodAccessorImpl.java:43)\r\n\tat java.lang.reflect.Method.invoke(Method.java:498)\r\n\tat org.testng.internal.MethodInvocationHelper.invokeMethod(MethodInvocationHelper.java:124)\r\n\tat org.testng.internal.Invoker.invokeMethod(Invoker.java:583)\r\n\tat org.testng.internal.Invoker.invokeTestMethod(Invoker.java:719)\r\n\tat org.testng.internal.Invoker.invokeTestMethods(Invoker.java:989)\r\n\tat org.testng.internal.TestMethodWorker.invokeTestMethods(TestMethodWorker.java:125)\r\n\tat org.testng.internal.TestMethodWorker.run(TestMethodWorker.java:109)\r\n\tat org.testng.TestRunner.privateRun(TestRunner.java:648)\r\n\tat org.testng.TestRunner.run(TestRunner.java:505)\r\n\tat org.testng.SuiteRunner.runTest(SuiteRunner.java:455)\r\n\tat org.testng.SuiteRunner.runSequentially(SuiteRunner.java:450)\r\n\tat org.testng.SuiteRunner.privateRun(SuiteRunner.java:415)\r\n\tat org.testng.SuiteRunner.run(SuiteRunner.java:364)\r\n\tat org.testng.SuiteRunnerWorker.runSuite(SuiteRunnerWorker.java:52)\r\n\tat org.testng.SuiteRunnerWorker.run(SuiteRunnerWorker.java:84)\r\n\tat org.testng.TestNG.runSuitesSequentially(TestNG.java:1208)\r\n\tat org.testng.TestNG.runSuitesLocally(TestNG.java:1137)\r\n\tat org.testng.TestNG.runSuites(TestNG.java:1049)\r\n\tat org.testng.TestNG.run(TestNG.java:1017)\r\n\tat com.intellij.rt.testng.IDEARemoteTestNG.run(IDEARemoteTestNG.java:66)\r\n\tat com.intellij.rt.testng.RemoteTestNGStarter.main(RemoteTestNGStarter.java:110)\r\n"},"stage":"finished","steps":[],"attachments":[],"parameters":[{"name":"folderName","value":"test"},{"name":"subFolderName","value":"foo"},{"name":"fileName","value":"autotest.txt"}],"start":1589415908090,"stop":1589415908744}],"attachments":[],"parameters":[],"start":1589415898130,"stop":1589415908750,"uuid":"24218214-aa52-44b0-b13f-89eb8a9214a0","historyId":"3eb47b4e8097834c97b173b88ad832b6","fullName":"tests.AllScoupOtTestsForYandexDisk.getFolderMetaData","labels":[{"name":"package","value":"tests.AllScoupOtTestsForYandexDisk"},{"name":"testClass","value":"tests.AllScoupOtTestsForYandexDisk"},{"name":"testMethod","value":"getFolderMetaData"},{"name":"parentSuite","value":"Default Suite"},{"name":"suite","value":"tech.yandex.ru"},{"name":"subSuite","value":"tests.AllScoupOtTestsForYandexDisk"},{"name":"host","value":"DESKTOP-DG2OMS6"},{"name":"thread","value":"10552@DESKTOP-DG2OMS6.main(1)"},{"name":"framework","value":"testng"},{"name":"language","value":"java"},{"name":"feature","value":"Feature 1: check that created folder was deleted"},{"name":"epic","value":"Epic: Pull of tests for yansex.disk"}],"links":[]}