{"name":"Test 2: Create, delete file in the folder and check it","status":"failed","statusDetails":{"known":false,"muted":false,"flaky":false,"message":"Expected href is not equal actual expected [https://cloud-api.yandex.net/v1/disk/resources?path=disk%3A%2FTest99] but found [null]","trace":"java.lang.AssertionError: Expected href is not equal actual expected [https://cloud-api.yandex.net/v1/disk/resources?path=disk%3A%2FTest99] but found [null]\r\n\tat org.testng.Assert.fail(Assert.java:96)\r\n\tat org.testng.Assert.failNotEquals(Assert.java:776)\r\n\tat org.testng.Assert.assertEqualsImpl(Assert.java:132)\r\n\tat org.testng.Assert.assertEquals(Assert.java:118)\r\n\tat org.testng.Assert.assertEquals(Assert.java:453)\r\n\tat checks.AssertChecks.checkFolderCreation(AssertChecks.java:19)\r\n\tat steps.TestSteps.createFolderMethod(TestSteps.java:29)\r\n\tat tests.AllScoupOtTestsForYandexDisk.createAndDeleteFileInFolder(AllScoupOtTestsForYandexDisk.java:57)\r\n\tat sun.reflect.NativeMethodAccessorImpl.invoke0(Native Method)\r\n\tat sun.reflect.NativeMethodAccessorImpl.invoke(NativeMethodAccessorImpl.java:62)\r\n\tat sun.reflect.DelegatingMethodAccessorImpl.invoke(DelegatingMethodAccessorImpl.java:43)\r\n\tat java.lang.reflect.Method.invoke(Method.java:498)\r\n\tat org.testng.internal.MethodInvocationHelper.invokeMethod(MethodInvocationHelper.java:124)\r\n\tat org.testng.internal.Invoker.invokeMethod(Invoker.java:583)\r\n\tat org.testng.internal.Invoker.invokeTestMethod(Invoker.java:719)\r\n\tat org.testng.internal.Invoker.invokeTestMethods(Invoker.java:989)\r\n\tat org.testng.internal.TestMethodWorker.invokeTestMethods(TestMethodWorker.java:125)\r\n\tat org.testng.internal.TestMethodWorker.run(TestMethodWorker.java:109)\r\n\tat org.testng.TestRunner.privateRun(TestRunner.java:648)\r\n\tat org.testng.TestRunner.run(TestRunner.java:505)\r\n\tat org.testng.SuiteRunner.runTest(SuiteRunner.java:455)\r\n\tat org.testng.SuiteRunner.runSequentially(SuiteRunner.java:450)\r\n\tat org.testng.SuiteRunner.privateRun(SuiteRunner.java:415)\r\n\tat org.testng.SuiteRunner.run(SuiteRunner.java:364)\r\n\tat org.testng.SuiteRunnerWorker.runSuite(SuiteRunnerWorker.java:52)\r\n\tat org.testng.SuiteRunnerWorker.run(SuiteRunnerWorker.java:84)\r\n\tat org.testng.TestNG.runSuitesSequentially(TestNG.java:1208)\r\n\tat org.testng.TestNG.runSuitesLocally(TestNG.java:1137)\r\n\tat org.testng.TestNG.runSuites(TestNG.java:1049)\r\n\tat org.testng.TestNG.run(TestNG.java:1017)\r\n\tat com.intellij.rt.testng.IDEARemoteTestNG.run(IDEARemoteTestNG.java:66)\r\n\tat com.intellij.rt.testng.RemoteTestNGStarter.main(RemoteTestNGStarter.java:110)\r\n"},"stage":"finished","description":"Create and delete file in the folder","steps":[{"name":"Create folder step","status":"failed","statusDetails":{"known":false,"muted":false,"flaky":false,"message":"Expected href is not equal actual expected [https://cloud-api.yandex.net/v1/disk/resources?path=disk%3A%2FTest99] but found [null]","trace":"java.lang.AssertionError: Expected href is not equal actual expected [https://cloud-api.yandex.net/v1/disk/resources?path=disk%3A%2FTest99] but found [null]\r\n\tat org.testng.Assert.fail(Assert.java:96)\r\n\tat org.testng.Assert.failNotEquals(Assert.java:776)\r\n\tat org.testng.Assert.assertEqualsImpl(Assert.java:132)\r\n\tat org.testng.Assert.assertEquals(Assert.java:118)\r\n\tat org.testng.Assert.assertEquals(Assert.java:453)\r\n\tat checks.AssertChecks.checkFolderCreation(AssertChecks.java:19)\r\n\tat steps.TestSteps.createFolderMethod(TestSteps.java:29)\r\n\tat tests.AllScoupOtTestsForYandexDisk.createAndDeleteFileInFolder(AllScoupOtTestsForYandexDisk.java:57)\r\n\tat sun.reflect.NativeMethodAccessorImpl.invoke0(Native Method)\r\n\tat sun.reflect.NativeMethodAccessorImpl.invoke(NativeMethodAccessorImpl.java:62)\r\n\tat sun.reflect.DelegatingMethodAccessorImpl.invoke(DelegatingMethodAccessorImpl.java:43)\r\n\tat java.lang.reflect.Method.invoke(Method.java:498)\r\n\tat org.testng.internal.MethodInvocationHelper.invokeMethod(MethodInvocationHelper.java:124)\r\n\tat org.testng.internal.Invoker.invokeMethod(Invoker.java:583)\r\n\tat org.testng.internal.Invoker.invokeTestMethod(Invoker.java:719)\r\n\tat org.testng.internal.Invoker.invokeTestMethods(Invoker.java:989)\r\n\tat org.testng.internal.TestMethodWorker.invokeTestMethods(TestMethodWorker.java:125)\r\n\tat org.testng.internal.TestMethodWorker.run(TestMethodWorker.java:109)\r\n\tat org.testng.TestRunner.privateRun(TestRunner.java:648)\r\n\tat org.testng.TestRunner.run(TestRunner.java:505)\r\n\tat org.testng.SuiteRunner.runTest(SuiteRunner.java:455)\r\n\tat org.testng.SuiteRunner.runSequentially(SuiteRunner.java:450)\r\n\tat org.testng.SuiteRunner.privateRun(SuiteRunner.java:415)\r\n\tat org.testng.SuiteRunner.run(SuiteRunner.java:364)\r\n\tat org.testng.SuiteRunnerWorker.runSuite(SuiteRunnerWorker.java:52)\r\n\tat org.testng.SuiteRunnerWorker.run(SuiteRunnerWorker.java:84)\r\n\tat org.testng.TestNG.runSuitesSequentially(TestNG.java:1208)\r\n\tat org.testng.TestNG.runSuitesLocally(TestNG.java:1137)\r\n\tat org.testng.TestNG.runSuites(TestNG.java:1049)\r\n\tat org.testng.TestNG.run(TestNG.java:1017)\r\n\tat com.intellij.rt.testng.IDEARemoteTestNG.run(IDEARemoteTestNG.java:66)\r\n\tat com.intellij.rt.testng.RemoteTestNGStarter.main(RemoteTestNGStarter.java:110)\r\n"},"stage":"finished","steps":[],"attachments":[],"parameters":[{"name":"folderName","value":"Test99"}],"start":1589297470845,"stop":1589297477996}],"attachments":[],"parameters":[],"start":1589297470618,"stop":1589297478019,"uuid":"31dd6158-2dca-491b-826b-f35766dc8f9e","historyId":"a86c149f311e04441ab30a331cbdfdac","fullName":"tests.AllScoupOtTestsForYandexDisk.createAndDeleteFileInFolder","labels":[{"name":"package","value":"tests.AllScoupOtTestsForYandexDisk"},{"name":"testClass","value":"tests.AllScoupOtTestsForYandexDisk"},{"name":"testMethod","value":"createAndDeleteFileInFolder"},{"name":"parentSuite","value":"Default Suite"},{"name":"suite","value":"tech.yandex.ru"},{"name":"subSuite","value":"tests.AllScoupOtTestsForYandexDisk"},{"name":"host","value":"DESKTOP-DG2OMS6"},{"name":"thread","value":"23208@DESKTOP-DG2OMS6.main(1)"},{"name":"framework","value":"testng"},{"name":"language","value":"java"},{"name":"epic","value":"Epic: Pull of tests for yansex.disk"},{"name":"feature","value":"Feature 1: check that created folder was deleted"}],"links":[]}