{"name":"Test 00: Check created folder","status":"failed","statusDetails":{"known":false,"muted":false,"flaky":false,"message":"Sorry but response not equal expected [https://cloud-api.yandex.net/v1/disk/resources?path=disk%3A%2Ftest2/new] but found [https://cloud-api.yandex.net/v1/disk/resources?path=disk%3A%2Ftest2%2Fnew]","trace":"java.lang.AssertionError: Sorry but response not equal expected [https://cloud-api.yandex.net/v1/disk/resources?path=disk%3A%2Ftest2/new] but found [https://cloud-api.yandex.net/v1/disk/resources?path=disk%3A%2Ftest2%2Fnew]\r\n\tat org.testng.Assert.fail(Assert.java:96)\r\n\tat org.testng.Assert.failNotEquals(Assert.java:776)\r\n\tat org.testng.Assert.assertEqualsImpl(Assert.java:137)\r\n\tat org.testng.Assert.assertEquals(Assert.java:118)\r\n\tat org.testng.Assert.assertEquals(Assert.java:453)\r\n\tat checks.AssertChecks.checkFolderCreation(AssertChecks.java:18)\r\n\tat steps.TestSteps.createFolderMethod(TestSteps.java:24)\r\n\tat tests.AllScoupOtTestsForSWAPI.checkCreateFolder(AllScoupOtTestsForSWAPI.java:38)\r\n\tat sun.reflect.NativeMethodAccessorImpl.invoke0(Native Method)\r\n\tat sun.reflect.NativeMethodAccessorImpl.invoke(NativeMethodAccessorImpl.java:62)\r\n\tat sun.reflect.DelegatingMethodAccessorImpl.invoke(DelegatingMethodAccessorImpl.java:43)\r\n\tat java.lang.reflect.Method.invoke(Method.java:498)\r\n\tat org.testng.internal.MethodInvocationHelper.invokeMethod(MethodInvocationHelper.java:124)\r\n\tat org.testng.internal.Invoker.invokeMethod(Invoker.java:583)\r\n\tat org.testng.internal.Invoker.invokeTestMethod(Invoker.java:719)\r\n\tat org.testng.internal.Invoker.invokeTestMethods(Invoker.java:989)\r\n\tat org.testng.internal.TestMethodWorker.invokeTestMethods(TestMethodWorker.java:125)\r\n\tat org.testng.internal.TestMethodWorker.run(TestMethodWorker.java:109)\r\n\tat org.testng.TestRunner.privateRun(TestRunner.java:648)\r\n\tat org.testng.TestRunner.run(TestRunner.java:505)\r\n\tat org.testng.SuiteRunner.runTest(SuiteRunner.java:455)\r\n\tat org.testng.SuiteRunner.runSequentially(SuiteRunner.java:450)\r\n\tat org.testng.SuiteRunner.privateRun(SuiteRunner.java:415)\r\n\tat org.testng.SuiteRunner.run(SuiteRunner.java:364)\r\n\tat org.testng.SuiteRunnerWorker.runSuite(SuiteRunnerWorker.java:52)\r\n\tat org.testng.SuiteRunnerWorker.run(SuiteRunnerWorker.java:84)\r\n\tat org.testng.TestNG.runSuitesSequentially(TestNG.java:1208)\r\n\tat org.testng.TestNG.runSuitesLocally(TestNG.java:1137)\r\n\tat org.testng.TestNG.runSuites(TestNG.java:1049)\r\n\tat org.testng.TestNG.run(TestNG.java:1017)\r\n\tat com.intellij.rt.testng.IDEARemoteTestNG.run(IDEARemoteTestNG.java:66)\r\n\tat com.intellij.rt.testng.RemoteTestNGStarter.main(RemoteTestNGStarter.java:110)\r\n"},"stage":"finished","description":"Test 00","steps":[{"name":"Create folder step","status":"failed","statusDetails":{"known":false,"muted":false,"flaky":false,"message":"Sorry but response not equal expected [https://cloud-api.yandex.net/v1/disk/resources?path=disk%3A%2Ftest2/new] but found [https://cloud-api.yandex.net/v1/disk/resources?path=disk%3A%2Ftest2%2Fnew]","trace":"java.lang.AssertionError: Sorry but response not equal expected [https://cloud-api.yandex.net/v1/disk/resources?path=disk%3A%2Ftest2/new] but found [https://cloud-api.yandex.net/v1/disk/resources?path=disk%3A%2Ftest2%2Fnew]\r\n\tat org.testng.Assert.fail(Assert.java:96)\r\n\tat org.testng.Assert.failNotEquals(Assert.java:776)\r\n\tat org.testng.Assert.assertEqualsImpl(Assert.java:137)\r\n\tat org.testng.Assert.assertEquals(Assert.java:118)\r\n\tat org.testng.Assert.assertEquals(Assert.java:453)\r\n\tat checks.AssertChecks.checkFolderCreation(AssertChecks.java:18)\r\n\tat steps.TestSteps.createFolderMethod(TestSteps.java:24)\r\n\tat tests.AllScoupOtTestsForSWAPI.checkCreateFolder(AllScoupOtTestsForSWAPI.java:38)\r\n\tat sun.reflect.NativeMethodAccessorImpl.invoke0(Native Method)\r\n\tat sun.reflect.NativeMethodAccessorImpl.invoke(NativeMethodAccessorImpl.java:62)\r\n\tat sun.reflect.DelegatingMethodAccessorImpl.invoke(DelegatingMethodAccessorImpl.java:43)\r\n\tat java.lang.reflect.Method.invoke(Method.java:498)\r\n\tat org.testng.internal.MethodInvocationHelper.invokeMethod(MethodInvocationHelper.java:124)\r\n\tat org.testng.internal.Invoker.invokeMethod(Invoker.java:583)\r\n\tat org.testng.internal.Invoker.invokeTestMethod(Invoker.java:719)\r\n\tat org.testng.internal.Invoker.invokeTestMethods(Invoker.java:989)\r\n\tat org.testng.internal.TestMethodWorker.invokeTestMethods(TestMethodWorker.java:125)\r\n\tat org.testng.internal.TestMethodWorker.run(TestMethodWorker.java:109)\r\n\tat org.testng.TestRunner.privateRun(TestRunner.java:648)\r\n\tat org.testng.TestRunner.run(TestRunner.java:505)\r\n\tat org.testng.SuiteRunner.runTest(SuiteRunner.java:455)\r\n\tat org.testng.SuiteRunner.runSequentially(SuiteRunner.java:450)\r\n\tat org.testng.SuiteRunner.privateRun(SuiteRunner.java:415)\r\n\tat org.testng.SuiteRunner.run(SuiteRunner.java:364)\r\n\tat org.testng.SuiteRunnerWorker.runSuite(SuiteRunnerWorker.java:52)\r\n\tat org.testng.SuiteRunnerWorker.run(SuiteRunnerWorker.java:84)\r\n\tat org.testng.TestNG.runSuitesSequentially(TestNG.java:1208)\r\n\tat org.testng.TestNG.runSuitesLocally(TestNG.java:1137)\r\n\tat org.testng.TestNG.runSuites(TestNG.java:1049)\r\n\tat org.testng.TestNG.run(TestNG.java:1017)\r\n\tat com.intellij.rt.testng.IDEARemoteTestNG.run(IDEARemoteTestNG.java:66)\r\n\tat com.intellij.rt.testng.RemoteTestNGStarter.main(RemoteTestNGStarter.java:110)\r\n"},"stage":"finished","steps":[],"attachments":[],"parameters":[{"name":"folderName","value":"test2/new"}],"start":1589222208883,"stop":1589222213378}],"attachments":[],"parameters":[],"start":1589222208760,"stop":1589222213389,"uuid":"389e2870-19ab-4c2b-b345-966c45c70447","historyId":"83594f62a4c30f07d34b09d9110b0432","fullName":"tests.AllScoupOtTestsForSWAPI.checkCreateFolder","labels":[{"name":"package","value":"tests.AllScoupOtTestsForSWAPI"},{"name":"testClass","value":"tests.AllScoupOtTestsForSWAPI"},{"name":"testMethod","value":"checkCreateFolder"},{"name":"parentSuite","value":"Default Suite"},{"name":"suite","value":"tech.yandex.ru"},{"name":"subSuite","value":"tests.AllScoupOtTestsForSWAPI"},{"name":"host","value":"DESKTOP-DG2OMS6"},{"name":"thread","value":"32112@DESKTOP-DG2OMS6.main(1)"},{"name":"framework","value":"testng"},{"name":"language","value":"java"},{"name":"epic","value":"First test"},{"name":"feature","value":"Get request"}],"links":[]}