{"name":"Test 2: Create, delete file in the folder and check it","status":"failed","statusDetails":{"known":false,"muted":false,"flaky":false,"message":"Expected templated is not equal actual expected [false] but found [false]","trace":"java.lang.AssertionError: Expected templated is not equal actual expected [false] but found [false]\r\n\tat org.testng.Assert.fail(Assert.java:96)\r\n\tat org.testng.Assert.failNotEquals(Assert.java:776)\r\n\tat org.testng.Assert.assertEqualsImpl(Assert.java:137)\r\n\tat org.testng.Assert.assertEquals(Assert.java:118)\r\n\tat checks.AssertChecks.checkFolderForUploadFileCreation(AssertChecks.java:40)\r\n\tat steps.TestSteps.getUrlForFileFolderMethod(TestSteps.java:51)\r\n\tat tests.AllScoupOtTestsForYandexDisk.createAndDeleteFileInFolder(AllScoupOtTestsForYandexDisk.java:63)\r\n\tat sun.reflect.NativeMethodAccessorImpl.invoke0(Native Method)\r\n\tat sun.reflect.NativeMethodAccessorImpl.invoke(NativeMethodAccessorImpl.java:62)\r\n\tat sun.reflect.DelegatingMethodAccessorImpl.invoke(DelegatingMethodAccessorImpl.java:43)\r\n\tat java.lang.reflect.Method.invoke(Method.java:498)\r\n\tat org.testng.internal.MethodInvocationHelper.invokeMethod(MethodInvocationHelper.java:124)\r\n\tat org.testng.internal.Invoker.invokeMethod(Invoker.java:583)\r\n\tat org.testng.internal.Invoker.invokeTestMethod(Invoker.java:719)\r\n\tat org.testng.internal.Invoker.invokeTestMethods(Invoker.java:989)\r\n\tat org.testng.internal.TestMethodWorker.invokeTestMethods(TestMethodWorker.java:125)\r\n\tat org.testng.internal.TestMethodWorker.run(TestMethodWorker.java:109)\r\n\tat org.testng.TestRunner.privateRun(TestRunner.java:648)\r\n\tat org.testng.TestRunner.run(TestRunner.java:505)\r\n\tat org.testng.SuiteRunner.runTest(SuiteRunner.java:455)\r\n\tat org.testng.SuiteRunner.runSequentially(SuiteRunner.java:450)\r\n\tat org.testng.SuiteRunner.privateRun(SuiteRunner.java:415)\r\n\tat org.testng.SuiteRunner.run(SuiteRunner.java:364)\r\n\tat org.testng.SuiteRunnerWorker.runSuite(SuiteRunnerWorker.java:52)\r\n\tat org.testng.SuiteRunnerWorker.run(SuiteRunnerWorker.java:84)\r\n\tat org.testng.TestNG.runSuitesSequentially(TestNG.java:1208)\r\n\tat org.testng.TestNG.runSuitesLocally(TestNG.java:1137)\r\n\tat org.testng.TestNG.runSuites(TestNG.java:1049)\r\n\tat org.testng.TestNG.run(TestNG.java:1017)\r\n\tat com.intellij.rt.testng.IDEARemoteTestNG.run(IDEARemoteTestNG.java:66)\r\n\tat com.intellij.rt.testng.RemoteTestNGStarter.main(RemoteTestNGStarter.java:110)\r\n"},"stage":"finished","description":"Create and delete file in the folder","steps":[{"name":"Create folder step","status":"passed","stage":"finished","steps":[],"attachments":[],"parameters":[{"name":"folderName","value":"Test888"}],"start":1589297497292,"stop":1589297506319},{"name":"Create folder and get Url for uploading file step","status":"failed","statusDetails":{"known":false,"muted":false,"flaky":false,"message":"Expected templated is not equal actual expected [false] but found [false]","trace":"java.lang.AssertionError: Expected templated is not equal actual expected [false] but found [false]\r\n\tat org.testng.Assert.fail(Assert.java:96)\r\n\tat org.testng.Assert.failNotEquals(Assert.java:776)\r\n\tat org.testng.Assert.assertEqualsImpl(Assert.java:137)\r\n\tat org.testng.Assert.assertEquals(Assert.java:118)\r\n\tat checks.AssertChecks.checkFolderForUploadFileCreation(AssertChecks.java:40)\r\n\tat steps.TestSteps.getUrlForFileFolderMethod(TestSteps.java:51)\r\n\tat tests.AllScoupOtTestsForYandexDisk.createAndDeleteFileInFolder(AllScoupOtTestsForYandexDisk.java:63)\r\n\tat sun.reflect.NativeMethodAccessorImpl.invoke0(Native Method)\r\n\tat sun.reflect.NativeMethodAccessorImpl.invoke(NativeMethodAccessorImpl.java:62)\r\n\tat sun.reflect.DelegatingMethodAccessorImpl.invoke(DelegatingMethodAccessorImpl.java:43)\r\n\tat java.lang.reflect.Method.invoke(Method.java:498)\r\n\tat org.testng.internal.MethodInvocationHelper.invokeMethod(MethodInvocationHelper.java:124)\r\n\tat org.testng.internal.Invoker.invokeMethod(Invoker.java:583)\r\n\tat org.testng.internal.Invoker.invokeTestMethod(Invoker.java:719)\r\n\tat org.testng.internal.Invoker.invokeTestMethods(Invoker.java:989)\r\n\tat org.testng.internal.TestMethodWorker.invokeTestMethods(TestMethodWorker.java:125)\r\n\tat org.testng.internal.TestMethodWorker.run(TestMethodWorker.java:109)\r\n\tat org.testng.TestRunner.privateRun(TestRunner.java:648)\r\n\tat org.testng.TestRunner.run(TestRunner.java:505)\r\n\tat org.testng.SuiteRunner.runTest(SuiteRunner.java:455)\r\n\tat org.testng.SuiteRunner.runSequentially(SuiteRunner.java:450)\r\n\tat org.testng.SuiteRunner.privateRun(SuiteRunner.java:415)\r\n\tat org.testng.SuiteRunner.run(SuiteRunner.java:364)\r\n\tat org.testng.SuiteRunnerWorker.runSuite(SuiteRunnerWorker.java:52)\r\n\tat org.testng.SuiteRunnerWorker.run(SuiteRunnerWorker.java:84)\r\n\tat org.testng.TestNG.runSuitesSequentially(TestNG.java:1208)\r\n\tat org.testng.TestNG.runSuitesLocally(TestNG.java:1137)\r\n\tat org.testng.TestNG.runSuites(TestNG.java:1049)\r\n\tat org.testng.TestNG.run(TestNG.java:1017)\r\n\tat com.intellij.rt.testng.IDEARemoteTestNG.run(IDEARemoteTestNG.java:66)\r\n\tat com.intellij.rt.testng.RemoteTestNGStarter.main(RemoteTestNGStarter.java:110)\r\n"},"stage":"finished","steps":[],"attachments":[],"parameters":[{"name":"folderForFile","value":"Test888/FileImage1"}],"start":1589297506323,"stop":1589297507281}],"attachments":[],"parameters":[],"start":1589297497071,"stop":1589297507296,"uuid":"7b945fd4-17f3-469d-afd2-62ac42bf3489","historyId":"a86c149f311e04441ab30a331cbdfdac","fullName":"tests.AllScoupOtTestsForYandexDisk.createAndDeleteFileInFolder","labels":[{"name":"package","value":"tests.AllScoupOtTestsForYandexDisk"},{"name":"testClass","value":"tests.AllScoupOtTestsForYandexDisk"},{"name":"testMethod","value":"createAndDeleteFileInFolder"},{"name":"parentSuite","value":"Default Suite"},{"name":"suite","value":"tech.yandex.ru"},{"name":"subSuite","value":"tests.AllScoupOtTestsForYandexDisk"},{"name":"host","value":"DESKTOP-DG2OMS6"},{"name":"thread","value":"13568@DESKTOP-DG2OMS6.main(1)"},{"name":"framework","value":"testng"},{"name":"language","value":"java"},{"name":"feature","value":"Feature 1: check that created folder was deleted"},{"name":"epic","value":"Epic: Pull of tests for yansex.disk"}],"links":[]}